ARM GAS  /tmp/cc2NHT6t.s 			page 1


   1              		.cpu cortex-m0
   2              		.eabi_attribute 20, 1
   3              		.eabi_attribute 21, 1
   4              		.eabi_attribute 23, 3
   5              		.eabi_attribute 24, 1
   6              		.eabi_attribute 25, 1
   7              		.eabi_attribute 26, 1
   8              		.eabi_attribute 30, 1
   9              		.eabi_attribute 34, 0
  10              		.eabi_attribute 18, 4
  11              		.file	"scpi-com.c"
  12              		.text
  13              	.Ltext0:
  14              		.cfi_sections	.debug_frame
  15              		.section	.text.SCPI_Write,"ax",%progbits
  16              		.align	1
  17              		.global	SCPI_Write
  18              		.arch armv6s-m
  19              		.syntax unified
  20              		.code	16
  21              		.thumb_func
  22              		.fpu softvfp
  24              	SCPI_Write:
  25              	.LVL0:
  26              	.LFB3:
  27              		.file 1 "Core/Src/scpi-com.c"
   1:Core/Src/scpi-com.c **** /*-
   2:Core/Src/scpi-com.c ****  * BSD 2-Clause License
   3:Core/Src/scpi-com.c ****  *
   4:Core/Src/scpi-com.c ****  * Copyright (c) 2012-2018, Jan Breuer
   5:Core/Src/scpi-com.c ****  * All rights reserved.
   6:Core/Src/scpi-com.c ****  *
   7:Core/Src/scpi-com.c ****  * Redistribution and use in source and binary forms, with or without
   8:Core/Src/scpi-com.c ****  * modification, are permitted provided that the following conditions are met:
   9:Core/Src/scpi-com.c ****  *
  10:Core/Src/scpi-com.c ****  * * Redistributions of source code must retain the above copyright notice, this
  11:Core/Src/scpi-com.c ****  *   list of conditions and the following disclaimer.
  12:Core/Src/scpi-com.c ****  *
  13:Core/Src/scpi-com.c ****  * * Redistributions in binary form must reproduce the above copyright notice,
  14:Core/Src/scpi-com.c ****  *   this list of conditions and the following disclaimer in the documentation
  15:Core/Src/scpi-com.c ****  *   and/or other materials provided with the distribution.
  16:Core/Src/scpi-com.c ****  *
  17:Core/Src/scpi-com.c ****  * THIS SOFTWARE IS PROVIDED BY THE COPYRIGHT HOLDERS AND CONTRIBUTORS "AS IS"
  18:Core/Src/scpi-com.c ****  * AND ANY EXPRESS OR IMPLIED WARRANTIES, INCLUDING, BUT NOT LIMITED TO, THE
  19:Core/Src/scpi-com.c ****  * IMPLIED WARRANTIES OF MERCHANTABILITY AND FITNESS FOR A PARTICULAR PURPOSE ARE
  20:Core/Src/scpi-com.c ****  * DISCLAIMED. IN NO EVENT SHALL THE COPYRIGHT HOLDER OR CONTRIBUTORS BE LIABLE
  21:Core/Src/scpi-com.c ****  * FOR ANY DIRECT, INDIRECT, INCIDENTAL, SPECIAL, EXEMPLARY, OR CONSEQUENTIAL
  22:Core/Src/scpi-com.c ****  * DAMAGES (INCLUDING, BUT NOT LIMITED TO, PROCUREMENT OF SUBSTITUTE GOODS OR
  23:Core/Src/scpi-com.c ****  * SERVICES; LOSS OF USE, DATA, OR PROFITS; OR BUSINESS INTERRUPTION) HOWEVER
  24:Core/Src/scpi-com.c ****  * CAUSED AND ON ANY THEORY OF LIABILITY, WHETHER IN CONTRACT, STRICT LIABILITY,
  25:Core/Src/scpi-com.c ****  * OR TORT (INCLUDING NEGLIGENCE OR OTHERWISE) ARISING IN ANY WAY OUT OF THE USE
  26:Core/Src/scpi-com.c ****  * OF THIS SOFTWARE, EVEN IF ADVISED OF THE POSSIBILITY OF SUCH DAMAGE.
  27:Core/Src/scpi-com.c ****  */
  28:Core/Src/scpi-com.c **** 
  29:Core/Src/scpi-com.c ****  #include <stdio.h>
  30:Core/Src/scpi-com.c ****  #include <stdlib.h>
  31:Core/Src/scpi-com.c ****  #include <string.h>
ARM GAS  /tmp/cc2NHT6t.s 			page 2


  32:Core/Src/scpi-com.c ****  #include "scpi/scpi.h"
  33:Core/Src/scpi-com.c ****  #include "scpi-def.h"
  34:Core/Src/scpi-com.c **** 
  35:Core/Src/scpi-com.c **** size_t SCPI_Write(scpi_t * context, const char * data, size_t len) {
  28              		.loc 1 35 68 view -0
  29              		.cfi_startproc
  30              		@ args = 0, pretend = 0, frame = 0
  31              		@ frame_needed = 0, uses_anonymous_args = 0
  32              		.loc 1 35 68 is_stmt 0 view .LVU1
  33 0000 70B5     		push	{r4, r5, r6, lr}
  34              	.LCFI0:
  35              		.cfi_def_cfa_offset 16
  36              		.cfi_offset 4, -16
  37              		.cfi_offset 5, -12
  38              		.cfi_offset 6, -8
  39              		.cfi_offset 14, -4
  40 0002 0D00     		movs	r5, r1
  41 0004 1400     		movs	r4, r2
  36:Core/Src/scpi-com.c ****     (void) context;
  42              		.loc 1 36 5 is_stmt 1 view .LVU2
  37:Core/Src/scpi-com.c **** 
  38:Core/Src/scpi-com.c ****     while (CDC_Transmit_FS(data, len));
  43              		.loc 1 38 5 view .LVU3
  44              	.LVL1:
  45              	.L2:
  46              	.LBB2:
  47              		.loc 1 38 39 discriminator 1 view .LVU4
  48              		.loc 1 38 11 discriminator 1 view .LVU5
  49              		.loc 1 38 12 is_stmt 0 discriminator 1 view .LVU6
  50 0006 2100     		movs	r1, r4
  51 0008 2800     		movs	r0, r5
  52 000a FFF7FEFF 		bl	CDC_Transmit_FS
  53              	.LVL2:
  54              		.loc 1 38 11 discriminator 1 view .LVU7
  55 000e 0028     		cmp	r0, #0
  56 0010 F9D1     		bne	.L2
  57              	.LBE2:
  39:Core/Src/scpi-com.c ****     return SCPI_RES_OK;
  58              		.loc 1 39 5 is_stmt 1 view .LVU8
  40:Core/Src/scpi-com.c **** }
  59              		.loc 1 40 1 is_stmt 0 view .LVU9
  60 0012 0130     		adds	r0, r0, #1
  61              		@ sp needed
  62              	.LVL3:
  63              	.LVL4:
  64              		.loc 1 40 1 view .LVU10
  65 0014 70BD     		pop	{r4, r5, r6, pc}
  66              		.cfi_endproc
  67              	.LFE3:
  69              		.section	.text.SCPI_Flush,"ax",%progbits
  70              		.align	1
  71              		.global	SCPI_Flush
  72              		.syntax unified
  73              		.code	16
  74              		.thumb_func
  75              		.fpu softvfp
  77              	SCPI_Flush:
ARM GAS  /tmp/cc2NHT6t.s 			page 3


  78              	.LVL5:
  79              	.LFB4:
  41:Core/Src/scpi-com.c **** 
  42:Core/Src/scpi-com.c **** scpi_result_t SCPI_Flush(scpi_t * context) {
  80              		.loc 1 42 44 is_stmt 1 view -0
  81              		.cfi_startproc
  82              		@ args = 0, pretend = 0, frame = 0
  83              		@ frame_needed = 0, uses_anonymous_args = 0
  84              		@ link register save eliminated.
  43:Core/Src/scpi-com.c ****     (void) context;
  85              		.loc 1 43 5 view .LVU12
  44:Core/Src/scpi-com.c ****     return SCPI_RES_OK;
  86              		.loc 1 44 5 view .LVU13
  45:Core/Src/scpi-com.c **** }
  87              		.loc 1 45 1 is_stmt 0 view .LVU14
  88 0000 0120     		movs	r0, #1
  89              	.LVL6:
  90              		.loc 1 45 1 view .LVU15
  91              		@ sp needed
  92 0002 7047     		bx	lr
  93              		.cfi_endproc
  94              	.LFE4:
  96              		.section	.rodata.SCPI_Error.str1.4,"aMS",%progbits,1
  97              		.align	2
  98              	.LC0:
  99 0000 2A2A4552 		.ascii	"**ERROR: %d, \"%s\"\015\012\000"
  99      524F523A 
  99      2025642C 
  99      20222573 
  99      220D0A00 
 100              		.section	.text.SCPI_Error,"ax",%progbits
 101              		.align	1
 102              		.global	SCPI_Error
 103              		.syntax unified
 104              		.code	16
 105              		.thumb_func
 106              		.fpu softvfp
 108              	SCPI_Error:
 109              	.LVL7:
 110              	.LFB5:
  46:Core/Src/scpi-com.c **** 
  47:Core/Src/scpi-com.c **** int SCPI_Error(scpi_t * context, int_fast16_t err) {
 111              		.loc 1 47 52 is_stmt 1 view -0
 112              		.cfi_startproc
 113              		@ args = 0, pretend = 0, frame = 56
 114              		@ frame_needed = 0, uses_anonymous_args = 0
 115              		.loc 1 47 52 is_stmt 0 view .LVU17
 116 0000 10B5     		push	{r4, lr}
 117              	.LCFI1:
 118              		.cfi_def_cfa_offset 8
 119              		.cfi_offset 4, -8
 120              		.cfi_offset 14, -4
 121 0002 8EB0     		sub	sp, sp, #56
 122              	.LCFI2:
 123              		.cfi_def_cfa_offset 64
  48:Core/Src/scpi-com.c ****     (void) context;
 124              		.loc 1 48 5 is_stmt 1 view .LVU18
ARM GAS  /tmp/cc2NHT6t.s 			page 4


  49:Core/Src/scpi-com.c ****     char _err[50];
 125              		.loc 1 49 5 view .LVU19
  50:Core/Src/scpi-com.c ****     sprintf(_err, "**ERROR: %d, \"%s\"\r\n", (int16_t) err, SCPI_ErrorTranslate(err));
 126              		.loc 1 50 5 view .LVU20
 127              		.loc 1 50 46 is_stmt 0 view .LVU21
 128 0004 0CB2     		sxth	r4, r1
 129              		.loc 1 50 5 view .LVU22
 130 0006 2000     		movs	r0, r4
 131              	.LVL8:
 132              		.loc 1 50 5 view .LVU23
 133 0008 FFF7FEFF 		bl	SCPI_ErrorTranslate
 134              	.LVL9:
 135              		.loc 1 50 5 view .LVU24
 136 000c 0300     		movs	r3, r0
 137 000e 2200     		movs	r2, r4
 138 0010 0549     		ldr	r1, .L5
 139 0012 01A8     		add	r0, sp, #4
 140 0014 FFF7FEFF 		bl	sprintf
 141              	.LVL10:
  51:Core/Src/scpi-com.c ****     CDC_Transmit_FS(_err, 50);
 142              		.loc 1 51 5 is_stmt 1 view .LVU25
 143 0018 3221     		movs	r1, #50
 144 001a 01A8     		add	r0, sp, #4
 145 001c FFF7FEFF 		bl	CDC_Transmit_FS
 146              	.LVL11:
  52:Core/Src/scpi-com.c ****     return 0;
 147              		.loc 1 52 5 view .LVU26
  53:Core/Src/scpi-com.c **** }
 148              		.loc 1 53 1 is_stmt 0 view .LVU27
 149 0020 0020     		movs	r0, #0
 150 0022 0EB0     		add	sp, sp, #56
 151              		@ sp needed
 152 0024 10BD     		pop	{r4, pc}
 153              	.L6:
 154 0026 C046     		.align	2
 155              	.L5:
 156 0028 00000000 		.word	.LC0
 157              		.cfi_endproc
 158              	.LFE5:
 160              		.section	.rodata.SCPI_Control.str1.4,"aMS",%progbits,1
 161              		.align	2
 162              	.LC2:
 163 0000 2A2A5352 		.ascii	"**SRQ: 0x%X (%d)\015\012\000"
 163      513A2030 
 163      78255820 
 163      28256429 
 163      0D0A00
 164 0013 00       		.align	2
 165              	.LC4:
 166 0014 2A2A4354 		.ascii	"**CTRL %02x: 0x%X (%d)\015\012\000"
 166      524C2025 
 166      3032783A 
 166      20307825 
 166      58202825 
 167              		.section	.text.SCPI_Control,"ax",%progbits
 168              		.align	1
 169              		.global	SCPI_Control
ARM GAS  /tmp/cc2NHT6t.s 			page 5


 170              		.syntax unified
 171              		.code	16
 172              		.thumb_func
 173              		.fpu softvfp
 175              	SCPI_Control:
 176              	.LVL12:
 177              	.LFB6:
  54:Core/Src/scpi-com.c **** 
  55:Core/Src/scpi-com.c **** scpi_result_t SCPI_Control(scpi_t * context, scpi_ctrl_name_t ctrl, scpi_reg_val_t val) {
 178              		.loc 1 55 89 is_stmt 1 view -0
 179              		.cfi_startproc
 180              		@ args = 0, pretend = 0, frame = 56
 181              		@ frame_needed = 0, uses_anonymous_args = 0
 182              		.loc 1 55 89 is_stmt 0 view .LVU29
 183 0000 00B5     		push	{lr}
 184              	.LCFI3:
 185              		.cfi_def_cfa_offset 4
 186              		.cfi_offset 14, -4
 187 0002 91B0     		sub	sp, sp, #68
 188              	.LCFI4:
 189              		.cfi_def_cfa_offset 72
 190 0004 1300     		movs	r3, r2
  56:Core/Src/scpi-com.c ****     (void) context;
 191              		.loc 1 56 5 is_stmt 1 view .LVU30
  57:Core/Src/scpi-com.c ****     char _err[50];
 192              		.loc 1 57 5 view .LVU31
  58:Core/Src/scpi-com.c ****     if (SCPI_CTRL_SRQ == ctrl) {
 193              		.loc 1 58 5 view .LVU32
 194              		.loc 1 58 8 is_stmt 0 view .LVU33
 195 0006 0129     		cmp	r1, #1
 196 0008 0CD0     		beq	.L10
  59:Core/Src/scpi-com.c ****         sprintf(_err, "**SRQ: 0x%X (%d)\r\n", val, val);
  60:Core/Src/scpi-com.c ****     } else {
  61:Core/Src/scpi-com.c ****         sprintf(_err, "**CTRL %02x: 0x%X (%d)\r\n", ctrl, val, val);
 197              		.loc 1 61 9 is_stmt 1 view .LVU34
 198 000a 0092     		str	r2, [sp]
 199 000c 0A00     		movs	r2, r1
 200              	.LVL13:
 201              		.loc 1 61 9 is_stmt 0 view .LVU35
 202 000e 0849     		ldr	r1, .L11
 203              	.LVL14:
 204              		.loc 1 61 9 view .LVU36
 205 0010 03A8     		add	r0, sp, #12
 206              	.LVL15:
 207              		.loc 1 61 9 view .LVU37
 208 0012 FFF7FEFF 		bl	sprintf
 209              	.LVL16:
 210              	.L9:
  62:Core/Src/scpi-com.c ****     }
  63:Core/Src/scpi-com.c ****     CDC_Transmit_FS(_err, 50);
 211              		.loc 1 63 5 is_stmt 1 view .LVU38
 212 0016 3221     		movs	r1, #50
 213 0018 03A8     		add	r0, sp, #12
 214 001a FFF7FEFF 		bl	CDC_Transmit_FS
 215              	.LVL17:
  64:Core/Src/scpi-com.c ****     return SCPI_RES_OK;
 216              		.loc 1 64 5 view .LVU39
ARM GAS  /tmp/cc2NHT6t.s 			page 6


  65:Core/Src/scpi-com.c **** }
 217              		.loc 1 65 1 is_stmt 0 view .LVU40
 218 001e 0120     		movs	r0, #1
 219 0020 11B0     		add	sp, sp, #68
 220              		@ sp needed
 221 0022 00BD     		pop	{pc}
 222              	.LVL18:
 223              	.L10:
  59:Core/Src/scpi-com.c ****     } else {
 224              		.loc 1 59 9 is_stmt 1 view .LVU41
 225 0024 0349     		ldr	r1, .L11+4
 226              	.LVL19:
  59:Core/Src/scpi-com.c ****     } else {
 227              		.loc 1 59 9 is_stmt 0 view .LVU42
 228 0026 03A8     		add	r0, sp, #12
 229              	.LVL20:
  59:Core/Src/scpi-com.c ****     } else {
 230              		.loc 1 59 9 view .LVU43
 231 0028 FFF7FEFF 		bl	sprintf
 232              	.LVL21:
  59:Core/Src/scpi-com.c ****     } else {
 233              		.loc 1 59 9 view .LVU44
 234 002c F3E7     		b	.L9
 235              	.L12:
 236 002e C046     		.align	2
 237              	.L11:
 238 0030 14000000 		.word	.LC4
 239 0034 00000000 		.word	.LC2
 240              		.cfi_endproc
 241              	.LFE6:
 243              		.section	.rodata.SCPI_Reset.str1.4,"aMS",%progbits,1
 244              		.align	2
 245              	.LC6:
 246 0000 2A2A5265 		.ascii	"**Reset\015\012\000"
 246      7365740D 
 246      0A00
 247              		.section	.text.SCPI_Reset,"ax",%progbits
 248              		.align	1
 249              		.global	SCPI_Reset
 250              		.syntax unified
 251              		.code	16
 252              		.thumb_func
 253              		.fpu softvfp
 255              	SCPI_Reset:
 256              	.LVL22:
 257              	.LFB7:
  66:Core/Src/scpi-com.c **** 
  67:Core/Src/scpi-com.c **** scpi_result_t SCPI_Reset(scpi_t * context) {
 258              		.loc 1 67 44 is_stmt 1 view -0
 259              		.cfi_startproc
 260              		@ args = 0, pretend = 0, frame = 56
 261              		@ frame_needed = 0, uses_anonymous_args = 0
 262              		.loc 1 67 44 is_stmt 0 view .LVU46
 263 0000 10B5     		push	{r4, lr}
 264              	.LCFI5:
 265              		.cfi_def_cfa_offset 8
 266              		.cfi_offset 4, -8
ARM GAS  /tmp/cc2NHT6t.s 			page 7


 267              		.cfi_offset 14, -4
 268 0002 8EB0     		sub	sp, sp, #56
 269              	.LCFI6:
 270              		.cfi_def_cfa_offset 64
  68:Core/Src/scpi-com.c ****     (void) context;
 271              		.loc 1 68 5 is_stmt 1 view .LVU47
  69:Core/Src/scpi-com.c ****     char _err[50];
 272              		.loc 1 69 5 view .LVU48
  70:Core/Src/scpi-com.c ****     sprintf(_err, "**Reset\r\n");
 273              		.loc 1 70 5 view .LVU49
 274 0004 01A8     		add	r0, sp, #4
 275              	.LVL23:
 276              		.loc 1 70 5 is_stmt 0 view .LVU50
 277 0006 064B     		ldr	r3, .L14
 278 0008 0200     		movs	r2, r0
 279 000a 12CB     		ldmia	r3!, {r1, r4}
 280 000c 12C2     		stmia	r2!, {r1, r4}
 281 000e 1B88     		ldrh	r3, [r3]
 282 0010 1380     		strh	r3, [r2]
  71:Core/Src/scpi-com.c ****     CDC_Transmit_FS(_err, 50);
 283              		.loc 1 71 5 is_stmt 1 view .LVU51
 284 0012 3221     		movs	r1, #50
 285 0014 FFF7FEFF 		bl	CDC_Transmit_FS
 286              	.LVL24:
  72:Core/Src/scpi-com.c ****     return SCPI_RES_OK;
 287              		.loc 1 72 5 view .LVU52
  73:Core/Src/scpi-com.c **** }
 288              		.loc 1 73 1 is_stmt 0 view .LVU53
 289 0018 0120     		movs	r0, #1
 290 001a 0EB0     		add	sp, sp, #56
 291              		@ sp needed
 292 001c 10BD     		pop	{r4, pc}
 293              	.L15:
 294 001e C046     		.align	2
 295              	.L14:
 296 0020 00000000 		.word	.LC6
 297              		.cfi_endproc
 298              	.LFE7:
 300              		.section	.text.SCPI_SystemCommTcpipControlQ,"ax",%progbits
 301              		.align	1
 302              		.global	SCPI_SystemCommTcpipControlQ
 303              		.syntax unified
 304              		.code	16
 305              		.thumb_func
 306              		.fpu softvfp
 308              	SCPI_SystemCommTcpipControlQ:
 309              	.LVL25:
 310              	.LFB8:
  74:Core/Src/scpi-com.c **** 
  75:Core/Src/scpi-com.c **** scpi_result_t SCPI_SystemCommTcpipControlQ(scpi_t * context) {
 311              		.loc 1 75 62 is_stmt 1 view -0
 312              		.cfi_startproc
 313              		@ args = 0, pretend = 0, frame = 0
 314              		@ frame_needed = 0, uses_anonymous_args = 0
 315              		@ link register save eliminated.
  76:Core/Src/scpi-com.c ****     (void) context;
 316              		.loc 1 76 5 view .LVU55
ARM GAS  /tmp/cc2NHT6t.s 			page 8


  77:Core/Src/scpi-com.c **** 
  78:Core/Src/scpi-com.c ****     return SCPI_RES_ERR;
 317              		.loc 1 78 5 view .LVU56
 318              		.loc 1 78 12 is_stmt 0 view .LVU57
 319 0000 0120     		movs	r0, #1
 320              	.LVL26:
  79:Core/Src/scpi-com.c **** }
 321              		.loc 1 79 1 view .LVU58
 322 0002 4042     		rsbs	r0, r0, #0
 323              		@ sp needed
 324 0004 7047     		bx	lr
 325              		.cfi_endproc
 326              	.LFE8:
 328              		.text
 329              	.Letext0:
 330              		.file 2 "/usr/include/newlib/machine/_default_types.h"
 331              		.file 3 "/usr/lib/gcc/arm-none-eabi/9.2.1/include/stddef.h"
 332              		.file 4 "/usr/include/newlib/sys/_types.h"
 333              		.file 5 "/usr/include/newlib/sys/reent.h"
 334              		.file 6 "/usr/include/newlib/sys/lock.h"
 335              		.file 7 "/usr/include/newlib/sys/_stdint.h"
 336              		.file 8 "/usr/include/newlib/stdlib.h"
 337              		.file 9 "/usr/lib/gcc/arm-none-eabi/9.2.1/include/stdint.h"
 338              		.file 10 "libscpi/inc/scpi/types.h"
 339              		.file 11 "libscpi/inc/scpi/parser.h"
 340              		.file 12 "libscpi/inc/scpi/units.h"
 341              		.file 13 "Core/Inc/scpi-def.h"
 342              		.file 14 "/usr/include/newlib/stdio.h"
 343              		.file 15 "libscpi/inc/scpi/error.h"
ARM GAS  /tmp/cc2NHT6t.s 			page 9


DEFINED SYMBOLS
                            *ABS*:0000000000000000 scpi-com.c
     /tmp/cc2NHT6t.s:16     .text.SCPI_Write:0000000000000000 $t
     /tmp/cc2NHT6t.s:24     .text.SCPI_Write:0000000000000000 SCPI_Write
     /tmp/cc2NHT6t.s:70     .text.SCPI_Flush:0000000000000000 $t
     /tmp/cc2NHT6t.s:77     .text.SCPI_Flush:0000000000000000 SCPI_Flush
     /tmp/cc2NHT6t.s:97     .rodata.SCPI_Error.str1.4:0000000000000000 $d
     /tmp/cc2NHT6t.s:101    .text.SCPI_Error:0000000000000000 $t
     /tmp/cc2NHT6t.s:108    .text.SCPI_Error:0000000000000000 SCPI_Error
     /tmp/cc2NHT6t.s:156    .text.SCPI_Error:0000000000000028 $d
     /tmp/cc2NHT6t.s:161    .rodata.SCPI_Control.str1.4:0000000000000000 $d
     /tmp/cc2NHT6t.s:168    .text.SCPI_Control:0000000000000000 $t
     /tmp/cc2NHT6t.s:175    .text.SCPI_Control:0000000000000000 SCPI_Control
     /tmp/cc2NHT6t.s:238    .text.SCPI_Control:0000000000000030 $d
     /tmp/cc2NHT6t.s:244    .rodata.SCPI_Reset.str1.4:0000000000000000 $d
     /tmp/cc2NHT6t.s:248    .text.SCPI_Reset:0000000000000000 $t
     /tmp/cc2NHT6t.s:255    .text.SCPI_Reset:0000000000000000 SCPI_Reset
     /tmp/cc2NHT6t.s:296    .text.SCPI_Reset:0000000000000020 $d
     /tmp/cc2NHT6t.s:301    .text.SCPI_SystemCommTcpipControlQ:0000000000000000 $t
     /tmp/cc2NHT6t.s:308    .text.SCPI_SystemCommTcpipControlQ:0000000000000000 SCPI_SystemCommTcpipControlQ

UNDEFINED SYMBOLS
CDC_Transmit_FS
SCPI_ErrorTranslate
sprintf
